Using pre-set license
Built from '2021.3/staging' branch; Version is '2021.3.16f1 (4016570cf34f) revision 4200023'; Using compiler version '192829333'; Build Type 'Release'
OS: 'Windows 10  (10.0.19045) 64bit Education' Language: 'en' Physical Memory: 16333 MB
BatchMode: 1, IsHumanControllingUs: 0, StartBugReporterOnCrash: 0, Is64bit: 1, IsPro: 1

COMMAND LINE ARGUMENTS:
C:\Users\kenne\Desktop\2021.3.16f1\Editor\Unity.exe
-adb2
-batchMode
-noUpm
-name
AssetImportWorker0
-projectPath
C:/Users/kenne/Desktop/CollidersRigidbodyLab
-logFile
Logs/AssetImportWorker0.log
-srvPort
52235
Successfully changed project path to: C:/Users/kenne/Desktop/CollidersRigidbodyLab
C:/Users/kenne/Desktop/CollidersRigidbodyLab
[UnityMemory] Configuration Parameters - Can be set up in boot.config
    "memorysetup-bucket-allocator-granularity=16"
    "memorysetup-bucket-allocator-bucket-count=8"
    "memorysetup-bucket-allocator-block-size=33554432"
    "memorysetup-bucket-allocator-block-count=8"
    "memorysetup-main-allocator-block-size=16777216"
    "memorysetup-thread-allocator-block-size=16777216"
    "memorysetup-gfx-main-allocator-block-size=16777216"
    "memorysetup-gfx-thread-allocator-block-size=16777216"
    "memorysetup-cache-allocator-block-size=4194304"
    "memorysetup-typetree-allocator-block-size=2097152"
    "memorysetup-profiler-bucket-allocator-granularity=16"
    "memorysetup-profiler-bucket-allocator-bucket-count=8"
    "memorysetup-profiler-bucket-allocator-block-size=33554432"
    "memorysetup-profiler-bucket-allocator-block-count=8"
    "memorysetup-profiler-allocator-block-size=16777216"
    "memorysetup-profiler-editor-allocator-block-size=1048576"
    "memorysetup-temp-allocator-size-main=16777216"
    "memorysetup-job-temp-allocator-block-size=2097152"
    "memorysetup-job-temp-allocator-block-size-background=1048576"
    "memorysetup-job-temp-allocator-reduction-small-platforms=262144"
    "memorysetup-temp-allocator-size-background-worker=32768"
    "memorysetup-temp-allocator-size-job-worker=262144"
    "memorysetup-temp-allocator-size-preload-manager=33554432"
    "memorysetup-temp-allocator-size-nav-mesh-worker=65536"
    "memorysetup-temp-allocator-size-audio-worker=65536"
    "memorysetup-temp-allocator-size-cloud-worker=32768"
    "memorysetup-temp-allocator-size-gi-baking-worker=262144"
    "memorysetup-temp-allocator-size-gfx=262144"
Player connection [13496] Host "[IP] 172.21.96.1 [Port] 0 [Flags] 2 [Guid] 242548206 [EditorId] 242548206 [Version] 1048832 [Id] WindowsEditor(7,DESKTOP-H8PJ5GA) [Debug] 1 [PackageName] WindowsEditor [ProjectName] Editor" joined multi-casting on [225.0.0.222:54997]...

Player connection [13496] Host "[IP] 172.21.96.1 [Port] 0 [Flags] 2 [Guid] 242548206 [EditorId] 242548206 [Version] 1048832 [Id] WindowsEditor(7,DESKTOP-H8PJ5GA) [Debug] 1 [PackageName] WindowsEditor [ProjectName] Editor" joined alternative multi-casting on [225.0.0.222:34997]...

Refreshing native plugins compatible for Editor in 66.18 ms, found 2 plugins.
Preloading 0 native plugins for Editor in 0.00 ms.
Initialize engine version: 2021.3.16f1 (4016570cf34f)
[Subsystems] Discovering subsystems at path C:/Users/kenne/Desktop/2021.3.16f1/Editor/Data/Resources/UnitySubsystems
[Subsystems] Discovering subsystems at path C:/Users/kenne/Desktop/CollidersRigidbodyLab/Assets
GfxDevice: creating device client; threaded=0; jobified=0
Direct3D:
    Version:  Direct3D 11.0 [level 11.1]
    Renderer: NVIDIA GeForce GTX 1660 Ti (ID=0x2182)
    Vendor:   NVIDIA
    VRAM:     5991 MB
    Driver:   31.0.15.1694
Initialize mono
Mono path[0] = 'C:/Users/kenne/Desktop/2021.3.16f1/Editor/Data/Managed'
Mono path[1] = 'C:/Users/kenne/Desktop/2021.3.16f1/Editor/Data/MonoBleedingEdge/lib/mono/unityjit-win32'
Mono config path = 'C:/Users/kenne/Desktop/2021.3.16f1/Editor/Data/MonoBleedingEdge/etc'
Using monoOptions --debugger-agent=transport=dt_socket,embedding=1,server=y,suspend=n,address=127.0.0.1:56628
Begin MonoManager ReloadAssembly
Registering precompiled unity dll's ...
Register platform support module: C:/Users/kenne/Desktop/2021.3.16f1/Editor/Data/PlaybackEngines/WindowsStandaloneSupport/UnityEditor.WindowsStandalone.Extensions.dll
Registered in 0.008979 seconds.
Native extension for WindowsStandalone target not found
Refreshing native plugins compatible for Editor in 51.81 ms, found 2 plugins.
Preloading 0 native plugins for Editor in 0.00 ms.
Mono: successfully reloaded assembly
- Completed reload, in  0.766 seconds
Domain Reload Profiling:
	ReloadAssembly (767ms)
		BeginReloadAssembly (93ms)
			ExecutionOrderSort (0ms)
			DisableScriptedObjects (0ms)
			BackupInstance (0ms)
			ReleaseScriptingObjects (0ms)
			CreateAndSetChildDomain (1ms)
		EndReloadAssembly (536ms)
			LoadAssemblies (89ms)
			RebuildTransferFunctionScriptingTraits (0ms)
			SetupTypeCache (142ms)
			ReleaseScriptCaches (0ms)
			RebuildScriptCaches (31ms)
			SetupLoadedEditorAssemblies (299ms)
				LogAssemblyErrors (0ms)
				InitializePlatformSupportModulesInManaged (10ms)
				SetLoadedEditorAssemblies (0ms)
				RefreshPlugins (52ms)
				BeforeProcessingInitializeOnLoad (1ms)
				ProcessInitializeOnLoadAttributes (172ms)
				ProcessInitializeOnLoadMethodAttributes (63ms)
				AfterProcessingInitializeOnLoad (0ms)
				EditorAssembliesLoaded (0ms)
			ExecutionOrderSort2 (0ms)
			AwakeInstancesAfterBackupRestoration (0ms)
Platform modules already initialized, skipping
Registering precompiled user dll's ...
Registered in 0.007964 seconds.
Begin MonoManager ReloadAssembly
Native extension for WindowsStandalone target not found
Refreshing native plugins compatible for Editor in 0.72 ms, found 2 plugins.
Preloading 0 native plugins for Editor in 0.00 ms.
Package Manager log level set to [2]
Mono: successfully reloaded assembly
- Completed reload, in  1.221 seconds
Domain Reload Profiling:
	ReloadAssembly (1221ms)
		BeginReloadAssembly (131ms)
			ExecutionOrderSort (0ms)
			DisableScriptedObjects (7ms)
			BackupInstance (0ms)
			ReleaseScriptingObjects (0ms)
			CreateAndSetChildDomain (22ms)
		EndReloadAssembly (943ms)
			LoadAssemblies (98ms)
			RebuildTransferFunctionScriptingTraits (0ms)
			SetupTypeCache (215ms)
			ReleaseScriptCaches (1ms)
			RebuildScriptCaches (54ms)
			SetupLoadedEditorAssemblies (533ms)
				LogAssemblyErrors (0ms)
				InitializePlatformSupportModulesInManaged (7ms)
				SetLoadedEditorAssemblies (1ms)
				RefreshPlugins (1ms)
				BeforeProcessingInitializeOnLoad (89ms)
				ProcessInitializeOnLoadAttributes (261ms)
				ProcessInitializeOnLoadMethodAttributes (163ms)
				AfterProcessingInitializeOnLoad (11ms)
				EditorAssembliesLoaded (0ms)
			ExecutionOrderSort2 (0ms)
			AwakeInstancesAfterBackupRestoration (7ms)
Platform modules already initialized, skipping
========================================================================
Worker process is ready to serve import requests
Launched and connected shader compiler UnityShaderCompiler.exe after 0.08 seconds
Refreshing native plugins compatible for Editor in 0.85 ms, found 2 plugins.
Preloading 0 native plugins for Editor in 0.00 ms.
Unloading 2407 Unused Serialized files (Serialized files now loaded: 0)
Unloading 60 unused Assets / (57.1 KB). Loaded Objects now: 2840.
Memory consumption went from 91.8 MB to 91.7 MB.
Total: 7.566600 ms (FindLiveObjects: 0.305900 ms CreateObjectMapping: 0.076200 ms MarkObjects: 7.062000 ms  DeleteObjects: 0.121200 ms)

AssetImportParameters requested are different than current active one (requested -> active):
  custom:video-decoder-ogg-theora: a1e56fd34408186e4bbccfd4996cb3dc -> 
  custom:container-muxer-webm: aa71ff27fc2769a1b78a27578f13a17b -> 
  custom:container-demuxer-webm: 4f35f7cbe854078d1ac9338744f61a02 -> 
  custom:video-encoder-webm-vp8: eb34c28f22e8b96e1ab97ce403110664 -> 
  custom:audio-encoder-webm-vorbis: bf7c407c2cedff20999df2af8eb42d56 -> 
  custom:framework-win-MediaFoundation: 216162199b28c13a410421893ffa2e32 -> 
  custom:container-demuxer-ogg: 62fdf1f143b41e24485cea50d1cbac27 -> 
  custom:video-decoder-webm-vp8: 9c59270c3fd7afecdb556c50c9e8de78 -> 
  custom:audio-decoder-ogg-vorbis: bf7c407c2cedff20999df2af8eb42d56 -> 
========================================================================
Received Import Request.
  Time since last request: 1865233.366559 seconds.
  path: Assets/Scenes/JumpDemo.unity
  artifactKey: Guid(51e9b47ac77d145d4a239145548505d4) Importer(815301076,1909f56bfc062723c751e8b465ee728b)
Start importing Assets/Scenes/JumpDemo.unity using Guid(51e9b47ac77d145d4a239145548505d4) Importer(815301076,1909f56bfc062723c751e8b465ee728b)  -> (artifact id: '3095d0fcc1585f9bc345d80eac4d7677') in 0.007463 seconds 
========================================================================
Received Import Request.
  Time since last request: 26.850780 seconds.
  path: Assets/Scenes/JumpDemo(Task1-3).unity
  artifactKey: Guid(51e9b47ac77d145d4a239145548505d4) Importer(815301076,1909f56bfc062723c751e8b465ee728b)
Start importing Assets/Scenes/JumpDemo(Task1-3).unity using Guid(51e9b47ac77d145d4a239145548505d4) Importer(815301076,1909f56bfc062723c751e8b465ee728b)  -> (artifact id: '3a25420321b19ef733f3adcc2229ee63') in 0.008687 seconds 
========================================================================
Received Import Request.
  Time since last request: 19.956199 seconds.
  path: Assets/Scenes/RigidBody/Challenge.unity
  artifactKey: Guid(240f7fe41ec384db6b5748b224b4c5bc) Importer(815301076,1909f56bfc062723c751e8b465ee728b)
Start importing Assets/Scenes/RigidBody/Challenge.unity using Guid(240f7fe41ec384db6b5748b224b4c5bc) Importer(815301076,1909f56bfc062723c751e8b465ee728b)  -> (artifact id: '1842dc8b3433374daa7a3a786e1190dc') in 0.006803 seconds 
========================================================================
Received Import Request.
  Time since last request: 32.648652 seconds.
  path: Assets/Scenes/DragRoom.unity
  artifactKey: Guid(9f7eb6632eba7094a819f7f14727e3f4) Importer(815301076,1909f56bfc062723c751e8b465ee728b)
Start importing Assets/Scenes/DragRoom.unity using Guid(9f7eb6632eba7094a819f7f14727e3f4) Importer(815301076,1909f56bfc062723c751e8b465ee728b)  -> (artifact id: '756d1bf061a44a249d930a0b5457f5de') in 0.006605 seconds 
========================================================================
Received Import Request.
  Time since last request: 15.949465 seconds.
  path: Assets/Scenes/1-3JumpDemo.unity
  artifactKey: Guid(51e9b47ac77d145d4a239145548505d4) Importer(815301076,1909f56bfc062723c751e8b465ee728b)
Start importing Assets/Scenes/1-3JumpDemo.unity using Guid(51e9b47ac77d145d4a239145548505d4) Importer(815301076,1909f56bfc062723c751e8b465ee728b)  -> (artifact id: '99b191b4f57989ba5ea1e76e5a890d22') in 0.006845 seconds 
========================================================================
Received Import Request.
  Time since last request: 5.706308 seconds.
  path: Assets/Scenes/GravityChamber.unity
  artifactKey: Guid(d61008609d73c1b48863b807c31efe8d) Importer(815301076,1909f56bfc062723c751e8b465ee728b)
Start importing Assets/Scenes/GravityChamber.unity using Guid(d61008609d73c1b48863b807c31efe8d) Importer(815301076,1909f56bfc062723c751e8b465ee728b)  -> (artifact id: 'a55c6ce17067e207906a2c62bb1a3a46') in 0.006701 seconds 
========================================================================
Received Import Request.
  Time since last request: 7.244864 seconds.
  path: Assets/Scenes/4-GravityChamber.unity
  artifactKey: Guid(d61008609d73c1b48863b807c31efe8d) Importer(815301076,1909f56bfc062723c751e8b465ee728b)
Start importing Assets/Scenes/4-GravityChamber.unity using Guid(d61008609d73c1b48863b807c31efe8d) Importer(815301076,1909f56bfc062723c751e8b465ee728b)  -> (artifact id: '39d2d2f51e7dc23b1a5db49d83ce8685') in 0.008635 seconds 
========================================================================
Received Prepare
Registering precompiled user dll's ...
Registered in 0.005809 seconds.
Begin MonoManager ReloadAssembly
Native extension for WindowsStandalone target not found
Refreshing native plugins compatible for Editor in 0.82 ms, found 2 plugins.
Preloading 0 native plugins for Editor in 0.00 ms.
Mono: successfully reloaded assembly
- Completed reload, in  1.250 seconds
Domain Reload Profiling:
	ReloadAssembly (1251ms)
		BeginReloadAssembly (161ms)
			ExecutionOrderSort (0ms)
			DisableScriptedObjects (9ms)
			BackupInstance (0ms)
			ReleaseScriptingObjects (0ms)
			CreateAndSetChildDomain (39ms)
		EndReloadAssembly (971ms)
			LoadAssemblies (100ms)
			RebuildTransferFunctionScriptingTraits (0ms)
			SetupTypeCache (228ms)
			ReleaseScriptCaches (1ms)
			RebuildScriptCaches (47ms)
			SetupLoadedEditorAssemblies (533ms)
				LogAssemblyErrors (0ms)
				InitializePlatformSupportModulesInManaged (15ms)
				SetLoadedEditorAssemblies (1ms)
				RefreshPlugins (1ms)
				BeforeProcessingInitializeOnLoad (93ms)
				ProcessInitializeOnLoadAttributes (247ms)
				ProcessInitializeOnLoadMethodAttributes (165ms)
				AfterProcessingInitializeOnLoad (11ms)
				EditorAssembliesLoaded (0ms)
			ExecutionOrderSort2 (0ms)
			AwakeInstancesAfterBackupRestoration (8ms)
Platform modules already initialized, skipping
Refreshing native plugins compatible for Editor in 7.26 ms, found 2 plugins.
Preloading 0 native plugins for Editor in 0.00 ms.
Unloading 2401 Unused Serialized files (Serialized files now loaded: 0)
Unloading 49 unused Assets / (25.7 KB). Loaded Objects now: 2843.
Memory consumption went from 91.4 MB to 91.4 MB.
Total: 7.155800 ms (FindLiveObjects: 0.278600 ms CreateObjectMapping: 0.068800 ms MarkObjects: 6.761700 ms  DeleteObjects: 0.045200 ms)

AssetImportParameters requested are different than current active one (requested -> active):
  custom:video-decoder-ogg-theora: a1e56fd34408186e4bbccfd4996cb3dc -> 
  custom:container-muxer-webm: aa71ff27fc2769a1b78a27578f13a17b -> 
  custom:container-demuxer-webm: 4f35f7cbe854078d1ac9338744f61a02 -> 
  custom:video-encoder-webm-vp8: eb34c28f22e8b96e1ab97ce403110664 -> 
  custom:audio-encoder-webm-vorbis: bf7c407c2cedff20999df2af8eb42d56 -> 
  custom:framework-win-MediaFoundation: 216162199b28c13a410421893ffa2e32 -> 
  custom:container-demuxer-ogg: 62fdf1f143b41e24485cea50d1cbac27 -> 
  custom:video-decoder-webm-vp8: 9c59270c3fd7afecdb556c50c9e8de78 -> 
  custom:audio-decoder-ogg-vorbis: bf7c407c2cedff20999df2af8eb42d56 -> 
========================================================================
Received Import Request.
  Time since last request: 700.240803 seconds.
  path: Assets/Scenes/BodiesIntro.unity
  artifactKey: Guid(30ea37cbfba92d446aae2c8636a90c95) Importer(815301076,1909f56bfc062723c751e8b465ee728b)
Start importing Assets/Scenes/BodiesIntro.unity using Guid(30ea37cbfba92d446aae2c8636a90c95) Importer(815301076,1909f56bfc062723c751e8b465ee728b)  -> (artifact id: 'a913e3f4969342edefdd76ccdc7564a7') in 0.012881 seconds 
========================================================================
Received Import Request.
  Time since last request: 0.478878 seconds.
  path: Assets/Scenes/Maze.unity
  artifactKey: Guid(ee38c3c607130eb4a94e47d3617fb754) Importer(815301076,1909f56bfc062723c751e8b465ee728b)
Start importing Assets/Scenes/Maze.unity using Guid(ee38c3c607130eb4a94e47d3617fb754) Importer(815301076,1909f56bfc062723c751e8b465ee728b)  -> (artifact id: '37488c10ed690458188ce9c1b7420101') in 0.006665 seconds 
========================================================================
Received Import Request.
  Time since last request: 15.244408 seconds.
  path: Assets/Scenes/5-DragRoom.unity
  artifactKey: Guid(9f7eb6632eba7094a819f7f14727e3f4) Importer(815301076,1909f56bfc062723c751e8b465ee728b)
Start importing Assets/Scenes/5-DragRoom.unity using Guid(9f7eb6632eba7094a819f7f14727e3f4) Importer(815301076,1909f56bfc062723c751e8b465ee728b)  -> (artifact id: 'b5435392a79c2f10de950a81cb7fd54a') in 0.007496 seconds 
========================================================================
Received Import Request.
  Time since last request: 71.809954 seconds.
  path: Assets/Scenes/6-Maze.unity
  artifactKey: Guid(ee38c3c607130eb4a94e47d3617fb754) Importer(815301076,1909f56bfc062723c751e8b465ee728b)
Start importing Assets/Scenes/6-Maze.unity using Guid(ee38c3c607130eb4a94e47d3617fb754) Importer(815301076,1909f56bfc062723c751e8b465ee728b)  -> (artifact id: 'dc558608737a8526dbf57777b1bf925d') in 0.007660 seconds 
========================================================================
Received Import Request.
  Time since last request: 791.579605 seconds.
  path: Assets/Scenes/7-BodiesIntro.unity
  artifactKey: Guid(30ea37cbfba92d446aae2c8636a90c95) Importer(815301076,1909f56bfc062723c751e8b465ee728b)
Start importing Assets/Scenes/7-BodiesIntro.unity using Guid(30ea37cbfba92d446aae2c8636a90c95) Importer(815301076,1909f56bfc062723c751e8b465ee728b)  -> (artifact id: '6b8c8bbebb1a3fff7d762591d7a2ad05') in 0.007925 seconds 
========================================================================
Received Prepare
Registering precompiled user dll's ...
Registered in 0.006175 seconds.
Begin MonoManager ReloadAssembly
Native extension for WindowsStandalone target not found
Refreshing native plugins compatible for Editor in 1.17 ms, found 2 plugins.
Preloading 0 native plugins for Editor in 0.00 ms.
Mono: successfully reloaded assembly
- Completed reload, in  1.324 seconds
Domain Reload Profiling:
	ReloadAssembly (1325ms)
		BeginReloadAssembly (157ms)
			ExecutionOrderSort (0ms)
			DisableScriptedObjects (10ms)
			BackupInstance (0ms)
			ReleaseScriptingObjects (0ms)
			CreateAndSetChildDomain (38ms)
		EndReloadAssembly (1027ms)
			LoadAssemblies (105ms)
			RebuildTransferFunctionScriptingTraits (0ms)
			SetupTypeCache (243ms)
			ReleaseScriptCaches (1ms)
			RebuildScriptCaches (53ms)
			SetupLoadedEditorAssemblies (562ms)
				LogAssemblyErrors (0ms)
				InitializePlatformSupportModulesInManaged (16ms)
				SetLoadedEditorAssemblies (1ms)
				RefreshPlugins (1ms)
				BeforeProcessingInitializeOnLoad (87ms)
				ProcessInitializeOnLoadAttributes (258ms)
				ProcessInitializeOnLoadMethodAttributes (184ms)
				AfterProcessingInitializeOnLoad (14ms)
				EditorAssembliesLoaded (0ms)
			ExecutionOrderSort2 (0ms)
			AwakeInstancesAfterBackupRestoration (8ms)
Platform modules already initialized, skipping
Refreshing native plugins compatible for Editor in 7.50 ms, found 2 plugins.
Preloading 0 native plugins for Editor in 0.00 ms.
Unloading 2401 Unused Serialized files (Serialized files now loaded: 0)
Unloading 49 unused Assets / (25.6 KB). Loaded Objects now: 2846.
Memory consumption went from 91.4 MB to 91.4 MB.
Total: 9.118300 ms (FindLiveObjects: 0.306800 ms CreateObjectMapping: 0.072600 ms MarkObjects: 8.696400 ms  DeleteObjects: 0.041200 ms)

AssetImportParameters requested are different than current active one (requested -> active):
  custom:video-decoder-ogg-theora: a1e56fd34408186e4bbccfd4996cb3dc -> 
  custom:container-muxer-webm: aa71ff27fc2769a1b78a27578f13a17b -> 
  custom:container-demuxer-webm: 4f35f7cbe854078d1ac9338744f61a02 -> 
  custom:video-encoder-webm-vp8: eb34c28f22e8b96e1ab97ce403110664 -> 
  custom:audio-encoder-webm-vorbis: bf7c407c2cedff20999df2af8eb42d56 -> 
  custom:framework-win-MediaFoundation: 216162199b28c13a410421893ffa2e32 -> 
  custom:container-demuxer-ogg: 62fdf1f143b41e24485cea50d1cbac27 -> 
  custom:video-decoder-webm-vp8: 9c59270c3fd7afecdb556c50c9e8de78 -> 
  custom:audio-decoder-ogg-vorbis: bf7c407c2cedff20999df2af8eb42d56 -> 
========================================================================
Received Import Request.
  Time since last request: 117.300635 seconds.
  path: Assets/Scenes/RubeGoldberg.unity
  artifactKey: Guid(318cb59508f113246a8268b85e4f15f5) Importer(815301076,1909f56bfc062723c751e8b465ee728b)
Start importing Assets/Scenes/RubeGoldberg.unity using Guid(318cb59508f113246a8268b85e4f15f5) Importer(815301076,1909f56bfc062723c751e8b465ee728b)  -> (artifact id: 'c21912acc57949d59b75d950c4d6e79b') in 0.014044 seconds 
