Using pre-set license
Built from '2021.3/staging' branch; Version is '2021.3.16f1 (4016570cf34f) revision 4200023'; Using compiler version '192829333'; Build Type 'Release'
OS: 'Windows 11  (10.0.22000) 64bit Core' Language: 'en' Physical Memory: 40652 MB
BatchMode: 1, IsHumanControllingUs: 0, StartBugReporterOnCrash: 0, Is64bit: 1, IsPro: 1

COMMAND LINE ARGUMENTS:
C:\Program Files\Unity\Hub\Editor\2021.3.16f1\Editor\Unity.exe
-adb2
-batchMode
-noUpm
-name
AssetImportWorker1
-projectPath
C:/Users/malik/OneDrive/Desktop/School/College/Berkeley/Classes/Spring2023/GDD-Decal/Project1
-logFile
Logs/AssetImportWorker1.log
-srvPort
63538
Successfully changed project path to: C:/Users/malik/OneDrive/Desktop/School/College/Berkeley/Classes/Spring2023/GDD-Decal/Project1
C:/Users/malik/OneDrive/Desktop/School/College/Berkeley/Classes/Spring2023/GDD-Decal/Project1
[UnityMemory] Configuration Parameters - Can be set up in boot.config
    "memorysetup-bucket-allocator-granularity=16"
    "memorysetup-bucket-allocator-bucket-count=8"
    "memorysetup-bucket-allocator-block-size=33554432"
    "memorysetup-bucket-allocator-block-count=8"
    "memorysetup-main-allocator-block-size=16777216"
    "memorysetup-thread-allocator-block-size=16777216"
    "memorysetup-gfx-main-allocator-block-size=16777216"
    "memorysetup-gfx-thread-allocator-block-size=16777216"
    "memorysetup-cache-allocator-block-size=4194304"
    "memorysetup-typetree-allocator-block-size=2097152"
    "memorysetup-profiler-bucket-allocator-granularity=16"
    "memorysetup-profiler-bucket-allocator-bucket-count=8"
    "memorysetup-profiler-bucket-allocator-block-size=33554432"
    "memorysetup-profiler-bucket-allocator-block-count=8"
    "memorysetup-profiler-allocator-block-size=16777216"
    "memorysetup-profiler-editor-allocator-block-size=1048576"
    "memorysetup-temp-allocator-size-main=16777216"
    "memorysetup-job-temp-allocator-block-size=2097152"
    "memorysetup-job-temp-allocator-block-size-background=1048576"
    "memorysetup-job-temp-allocator-reduction-small-platforms=262144"
    "memorysetup-temp-allocator-size-background-worker=32768"
    "memorysetup-temp-allocator-size-job-worker=262144"
    "memorysetup-temp-allocator-size-preload-manager=33554432"
    "memorysetup-temp-allocator-size-nav-mesh-worker=65536"
    "memorysetup-temp-allocator-size-audio-worker=65536"
    "memorysetup-temp-allocator-size-cloud-worker=32768"
    "memorysetup-temp-allocator-size-gi-baking-worker=262144"
    "memorysetup-temp-allocator-size-gfx=262144"
Player connection [2960] Host "[IP] 10.142.192.132 [Port] 0 [Flags] 2 [Guid] 4187033473 [EditorId] 4187033473 [Version] 1048832 [Id] WindowsEditor(7,LAPTOP-QELFLJF0) [Debug] 1 [PackageName] WindowsEditor [ProjectName] Editor" joined multi-casting on [225.0.0.222:54997]...

Player connection [2960] Host "[IP] 10.142.192.132 [Port] 0 [Flags] 2 [Guid] 4187033473 [EditorId] 4187033473 [Version] 1048832 [Id] WindowsEditor(7,LAPTOP-QELFLJF0) [Debug] 1 [PackageName] WindowsEditor [ProjectName] Editor" joined alternative multi-casting on [225.0.0.222:34997]...

Refreshing native plugins compatible for Editor in 49.52 ms, found 2 plugins.
Preloading 0 native plugins for Editor in 0.00 ms.
Initialize engine version: 2021.3.16f1 (4016570cf34f)
[Subsystems] Discovering subsystems at path C:/Program Files/Unity/Hub/Editor/2021.3.16f1/Editor/Data/Resources/UnitySubsystems
[Subsystems] Discovering subsystems at path C:/Users/malik/OneDrive/Desktop/School/College/Berkeley/Classes/Spring2023/GDD-Decal/Project1/Assets
GfxDevice: creating device client; threaded=0; jobified=0
Direct3D:
    Version:  Direct3D 11.0 [level 11.1]
    Renderer: NVIDIA GeForce RTX 3070 Ti Laptop GPU (ID=0x24a0)
    Vendor:   NVIDIA
    VRAM:     8043 MB
    Driver:   30.0.15.1278
Initialize mono
Mono path[0] = 'C:/Program Files/Unity/Hub/Editor/2021.3.16f1/Editor/Data/Managed'
Mono path[1] = 'C:/Program Files/Unity/Hub/Editor/2021.3.16f1/Editor/Data/MonoBleedingEdge/lib/mono/unityjit-win32'
Mono config path = 'C:/Program Files/Unity/Hub/Editor/2021.3.16f1/Editor/Data/MonoBleedingEdge/etc'
Using monoOptions --debugger-agent=transport=dt_socket,embedding=1,server=y,suspend=n,address=127.0.0.1:56776
Begin MonoManager ReloadAssembly
Registering precompiled unity dll's ...
Register platform support module: C:/Program Files/Unity/Hub/Editor/2021.3.16f1/Editor/Data/PlaybackEngines/WindowsStandaloneSupport/UnityEditor.WindowsStandalone.Extensions.dll
Registered in 0.003628 seconds.
Native extension for WindowsStandalone target not found
Refreshing native plugins compatible for Editor in 37.89 ms, found 2 plugins.
Preloading 0 native plugins for Editor in 0.00 ms.
Mono: successfully reloaded assembly
- Completed reload, in  0.466 seconds
Domain Reload Profiling:
	ReloadAssembly (467ms)
		BeginReloadAssembly (57ms)
			ExecutionOrderSort (0ms)
			DisableScriptedObjects (0ms)
			BackupInstance (0ms)
			ReleaseScriptingObjects (0ms)
			CreateAndSetChildDomain (1ms)
		EndReloadAssembly (322ms)
			LoadAssemblies (56ms)
			RebuildTransferFunctionScriptingTraits (0ms)
			SetupTypeCache (78ms)
			ReleaseScriptCaches (0ms)
			RebuildScriptCaches (19ms)
			SetupLoadedEditorAssemblies (187ms)
				LogAssemblyErrors (0ms)
				InitializePlatformSupportModulesInManaged (6ms)
				SetLoadedEditorAssemblies (0ms)
				RefreshPlugins (38ms)
				BeforeProcessingInitializeOnLoad (1ms)
				ProcessInitializeOnLoadAttributes (106ms)
				ProcessInitializeOnLoadMethodAttributes (35ms)
				AfterProcessingInitializeOnLoad (0ms)
				EditorAssembliesLoaded (0ms)
			ExecutionOrderSort2 (0ms)
			AwakeInstancesAfterBackupRestoration (0ms)
Platform modules already initialized, skipping
Registering precompiled user dll's ...
Registered in 0.003828 seconds.
Begin MonoManager ReloadAssembly
Native extension for WindowsStandalone target not found
Refreshing native plugins compatible for Editor in 0.58 ms, found 2 plugins.
Preloading 0 native plugins for Editor in 0.00 ms.
Package Manager log level set to [2]
Mono: successfully reloaded assembly
- Completed reload, in  0.815 seconds
Domain Reload Profiling:
	ReloadAssembly (816ms)
		BeginReloadAssembly (86ms)
			ExecutionOrderSort (0ms)
			DisableScriptedObjects (4ms)
			BackupInstance (0ms)
			ReleaseScriptingObjects (0ms)
			CreateAndSetChildDomain (15ms)
		EndReloadAssembly (634ms)
			LoadAssemblies (62ms)
			RebuildTransferFunctionScriptingTraits (0ms)
			SetupTypeCache (149ms)
			ReleaseScriptCaches (0ms)
			RebuildScriptCaches (39ms)
			SetupLoadedEditorAssemblies (349ms)
				LogAssemblyErrors (0ms)
				InitializePlatformSupportModulesInManaged (4ms)
				SetLoadedEditorAssemblies (0ms)
				RefreshPlugins (1ms)
				BeforeProcessingInitializeOnLoad (53ms)
				ProcessInitializeOnLoadAttributes (194ms)
				ProcessInitializeOnLoadMethodAttributes (91ms)
				AfterProcessingInitializeOnLoad (5ms)
				EditorAssembliesLoaded (0ms)
			ExecutionOrderSort2 (0ms)
			AwakeInstancesAfterBackupRestoration (7ms)
Platform modules already initialized, skipping
========================================================================
Worker process is ready to serve import requests
Launched and connected shader compiler UnityShaderCompiler.exe after 0.03 seconds
Refreshing native plugins compatible for Editor in 0.63 ms, found 2 plugins.
Preloading 0 native plugins for Editor in 0.00 ms.
Unloading 2618 Unused Serialized files (Serialized files now loaded: 0)
Unloading 73 unused Assets / (129.9 KB). Loaded Objects now: 3051.
Memory consumption went from 101.6 MB to 101.5 MB.
Total: 5.758300 ms (FindLiveObjects: 0.163000 ms CreateObjectMapping: 0.091000 ms MarkObjects: 5.409200 ms  DeleteObjects: 0.094100 ms)

AssetImportParameters requested are different than current active one (requested -> active):
  custom:video-decoder-ogg-theora: a1e56fd34408186e4bbccfd4996cb3dc -> 
  custom:container-muxer-webm: aa71ff27fc2769a1b78a27578f13a17b -> 
  custom:container-demuxer-webm: 4f35f7cbe854078d1ac9338744f61a02 -> 
  custom:video-encoder-webm-vp8: eb34c28f22e8b96e1ab97ce403110664 -> 
  custom:video-codec-MediaFoundation-h265: 746d11721c4dcdbdad8f713fa42b33f4 -> 
  custom:audio-encoder-webm-vorbis: bf7c407c2cedff20999df2af8eb42d56 -> 
  custom:framework-win-MediaFoundation: 216162199b28c13a410421893ffa2e32 -> 
  custom:container-demuxer-ogg: 62fdf1f143b41e24485cea50d1cbac27 -> 
  custom:video-decoder-webm-vp8: 9c59270c3fd7afecdb556c50c9e8de78 -> 
  custom:audio-decoder-ogg-vorbis: bf7c407c2cedff20999df2af8eb42d56 -> 
========================================================================
Received Import Request.
  Time since last request: 35269.505996 seconds.
  path: Assets/Prefabs/Enemy.prefab
  artifactKey: Guid(0addd5058d8fbc04caac0e93ab771694) Importer(815301076,1909f56bfc062723c751e8b465ee728b)
Start importing Assets/Prefabs/Enemy.prefab using Guid(0addd5058d8fbc04caac0e93ab771694) Importer(815301076,1909f56bfc062723c751e8b465ee728b)  -> (artifact id: 'eb79fdbe88a57709bcdd1eac66f82e0d') in 0.133442 seconds 
========================================================================
Received Import Request.
  Time since last request: 39.666857 seconds.
  path: Assets/Sprites/Tilemap/Palettes/bush.asset
  artifactKey: Guid(d105f6764692cb142935286a1e8e97c1) Importer(815301076,1909f56bfc062723c751e8b465ee728b)
Start importing Assets/Sprites/Tilemap/Palettes/bush.asset using Guid(d105f6764692cb142935286a1e8e97c1) Importer(815301076,1909f56bfc062723c751e8b465ee728b)  -> (artifact id: '7b285787159f063eceb56fdfe21baf6d') in 0.028018 seconds 
========================================================================
Received Import Request.
  Time since last request: 0.000845 seconds.
  path: Assets/Sprites/Tilemap/Palettes/cobblegrass 2.asset
  artifactKey: Guid(509e44af954844e45a149e9967c1b075) Importer(815301076,1909f56bfc062723c751e8b465ee728b)
Start importing Assets/Sprites/Tilemap/Palettes/cobblegrass 2.asset using Guid(509e44af954844e45a149e9967c1b075) Importer(815301076,1909f56bfc062723c751e8b465ee728b)  -> (artifact id: 'a3eed8da6593310f8f4b60b69b09a6f9') in 0.015855 seconds 
========================================================================
Received Import Request.
  Time since last request: 0.000020 seconds.
  path: Assets/Sprites/Tilemap/Palettes/Copy of cliff grass.asset
  artifactKey: Guid(248082fe4bdf59247b5c7aef86c18fc6) Importer(815301076,1909f56bfc062723c751e8b465ee728b)
Start importing Assets/Sprites/Tilemap/Palettes/Copy of cliff grass.asset using Guid(248082fe4bdf59247b5c7aef86c18fc6) Importer(815301076,1909f56bfc062723c751e8b465ee728b)  -> (artifact id: 'e817ce8bece688337892beaf558ee42b') in 0.017316 seconds 
========================================================================
Received Import Request.
  Time since last request: 0.000048 seconds.
  path: Assets/Sprites/Tilemap/Palettes/Copy of cliff edge (2).asset
  artifactKey: Guid(042c376d54d9559439424f9aabec1a77) Importer(815301076,1909f56bfc062723c751e8b465ee728b)
Start importing Assets/Sprites/Tilemap/Palettes/Copy of cliff edge (2).asset using Guid(042c376d54d9559439424f9aabec1a77) Importer(815301076,1909f56bfc062723c751e8b465ee728b)  -> (artifact id: 'c8657eb54b09ab7422d973f403de2aa1') in 0.017704 seconds 
========================================================================
Received Import Request.
  Time since last request: 0.000019 seconds.
  path: Assets/Sprites/Tilemap/Palettes/Copy of cliff edge.asset
  artifactKey: Guid(0ebd0a98f582f77418d32e421985daf9) Importer(815301076,1909f56bfc062723c751e8b465ee728b)
Start importing Assets/Sprites/Tilemap/Palettes/Copy of cliff edge.asset using Guid(0ebd0a98f582f77418d32e421985daf9) Importer(815301076,1909f56bfc062723c751e8b465ee728b)  -> (artifact id: 'f5505c0a663d70abcfa4577c665e0a4d') in 0.016010 seconds 
========================================================================
Received Import Request.
  Time since last request: 0.000024 seconds.
  path: Assets/Sprites/Tilemap/Palettes/cobblegrass 1.asset
  artifactKey: Guid(5ee4c05d336ebd54a8a7eaacf3a60f08) Importer(815301076,1909f56bfc062723c751e8b465ee728b)
Start importing Assets/Sprites/Tilemap/Palettes/cobblegrass 1.asset using Guid(5ee4c05d336ebd54a8a7eaacf3a60f08) Importer(815301076,1909f56bfc062723c751e8b465ee728b)  -> (artifact id: 'e56f3d4d42c5f8021cf6289d665f876d') in 0.016058 seconds 
========================================================================
Received Import Request.
  Time since last request: 0.000030 seconds.
  path: Assets/Sprites/Tilemap/Palettes/cobblegrass 7.asset
  artifactKey: Guid(ceebf685b1e0ed345bdc0b5559a20c9a) Importer(815301076,1909f56bfc062723c751e8b465ee728b)
Start importing Assets/Sprites/Tilemap/Palettes/cobblegrass 7.asset using Guid(ceebf685b1e0ed345bdc0b5559a20c9a) Importer(815301076,1909f56bfc062723c751e8b465ee728b)  -> (artifact id: '8a96a8a886f9dce93e61fd807322840e') in 0.018683 seconds 
========================================================================
Received Import Request.
  Time since last request: 0.000026 seconds.
  path: Assets/Sprites/Tilemap/Palettes/Copy of cliff grass (1).asset
  artifactKey: Guid(f69d284b1a0542b439a3d64e639ed3a5) Importer(815301076,1909f56bfc062723c751e8b465ee728b)
Start importing Assets/Sprites/Tilemap/Palettes/Copy of cliff grass (1).asset using Guid(f69d284b1a0542b439a3d64e639ed3a5) Importer(815301076,1909f56bfc062723c751e8b465ee728b)  -> (artifact id: 'c9b113e8043f129e873d61bff8e932c0') in 0.017990 seconds 
========================================================================
Received Import Request.
  Time since last request: 0.000025 seconds.
  path: Assets/Sprites/Tilemap/Palettes/Copy of cliff grass (4).asset
  artifactKey: Guid(e409cb751bbbaec46a3232dda32f7608) Importer(815301076,1909f56bfc062723c751e8b465ee728b)
Start importing Assets/Sprites/Tilemap/Palettes/Copy of cliff grass (4).asset using Guid(e409cb751bbbaec46a3232dda32f7608) Importer(815301076,1909f56bfc062723c751e8b465ee728b)  -> (artifact id: '1acd327bee6d1fa20ae64378381f22fb') in 0.016953 seconds 
========================================================================
Received Import Request.
  Time since last request: 0.000020 seconds.
  path: Assets/Sprites/Tilemap/Palettes/Copy of cliff grass (5).asset
  artifactKey: Guid(dd3e7613e25d5c143a9253c45b5c2332) Importer(815301076,1909f56bfc062723c751e8b465ee728b)
Start importing Assets/Sprites/Tilemap/Palettes/Copy of cliff grass (5).asset using Guid(dd3e7613e25d5c143a9253c45b5c2332) Importer(815301076,1909f56bfc062723c751e8b465ee728b)  -> (artifact id: '35bcda9902cff48d105ada7a15a8c949') in 0.016497 seconds 
========================================================================
Received Import Request.
  Time since last request: 0.000020 seconds.
  path: Assets/Sprites/Tilemap/Palettes/Copy of cliff edge (5).asset
  artifactKey: Guid(db4963f74dc385341affc1b7b6deee8d) Importer(815301076,1909f56bfc062723c751e8b465ee728b)
Start importing Assets/Sprites/Tilemap/Palettes/Copy of cliff edge (5).asset using Guid(db4963f74dc385341affc1b7b6deee8d) Importer(815301076,1909f56bfc062723c751e8b465ee728b)  -> (artifact id: 'f024a1dc5822438bf6ed79847d4f1a1e') in 0.019938 seconds 
========================================================================
Received Import Request.
  Time since last request: 0.000043 seconds.
  path: Assets/Sprites/Tilemap/Palettes/cobblegrass 6.asset
  artifactKey: Guid(c3a0768c3bf487a45b9c4d4c2e709971) Importer(815301076,1909f56bfc062723c751e8b465ee728b)
Start importing Assets/Sprites/Tilemap/Palettes/cobblegrass 6.asset using Guid(c3a0768c3bf487a45b9c4d4c2e709971) Importer(815301076,1909f56bfc062723c751e8b465ee728b)  -> (artifact id: '1c913b35882963c100b8a533fdc047f1') in 0.018311 seconds 
========================================================================
Received Import Request.
  Time since last request: 0.000026 seconds.
  path: Assets/Sprites/Tilemap/Palettes/Copy of cliff edge (4).asset
  artifactKey: Guid(aa70d35fa58cdf548a8e3100e2e8e24d) Importer(815301076,1909f56bfc062723c751e8b465ee728b)
Start importing Assets/Sprites/Tilemap/Palettes/Copy of cliff edge (4).asset using Guid(aa70d35fa58cdf548a8e3100e2e8e24d) Importer(815301076,1909f56bfc062723c751e8b465ee728b)  -> (artifact id: '6b16e61642b63a0e30fc117cc2bcf81d') in 0.015644 seconds 
========================================================================
Received Import Request.
  Time since last request: 0.000023 seconds.
  path: Assets/Sprites/Tilemap/Palettes/Copy of fence grass middle.asset
  artifactKey: Guid(5b5122fbc7c4b624c9a0cdce2b46df14) Importer(815301076,1909f56bfc062723c751e8b465ee728b)
Start importing Assets/Sprites/Tilemap/Palettes/Copy of fence grass middle.asset using Guid(5b5122fbc7c4b624c9a0cdce2b46df14) Importer(815301076,1909f56bfc062723c751e8b465ee728b)  -> (artifact id: 'd6e235e53d9c7f183b4ef53f9afcba28') in 0.015862 seconds 
========================================================================
Received Import Request.
  Time since last request: 0.728703 seconds.
  path: Assets/Sprites/Tilemap/Palettes/Copy of New Piskel (2).asset
  artifactKey: Guid(883bd43348bf201408a842200554cc39) Importer(815301076,1909f56bfc062723c751e8b465ee728b)
Start importing Assets/Sprites/Tilemap/Palettes/Copy of New Piskel (2).asset using Guid(883bd43348bf201408a842200554cc39) Importer(815301076,1909f56bfc062723c751e8b465ee728b)  -> (artifact id: 'f848226493c079c0afaf79f17ed9860c') in 0.029572 seconds 
========================================================================
Received Import Request.
  Time since last request: 0.011417 seconds.
  path: Assets/Sprites/Tilemap/Palettes/water grass 2.asset
  artifactKey: Guid(c5932c6bbb7bd0c4ca91405ab60b2828) Importer(815301076,1909f56bfc062723c751e8b465ee728b)
Start importing Assets/Sprites/Tilemap/Palettes/water grass 2.asset using Guid(c5932c6bbb7bd0c4ca91405ab60b2828) Importer(815301076,1909f56bfc062723c751e8b465ee728b)  -> (artifact id: 'ab3de29b602eeb29e86af9957657ad00') in 0.020560 seconds 
========================================================================
Received Import Request.
  Time since last request: 0.018459 seconds.
  path: Assets/Sprites/Tilemap/Palettes/water grass 4.asset
  artifactKey: Guid(bb0ed3ba300d55c44912bcdb70f54d7a) Importer(815301076,1909f56bfc062723c751e8b465ee728b)
Start importing Assets/Sprites/Tilemap/Palettes/water grass 4.asset using Guid(bb0ed3ba300d55c44912bcdb70f54d7a) Importer(815301076,1909f56bfc062723c751e8b465ee728b)  -> (artifact id: '8ac9d3ac96045e5d87e8a8893c868975') in 0.018705 seconds 
========================================================================
Received Import Request.
  Time since last request: 0.000024 seconds.
  path: Assets/Sprites/Tilemap/Palettes/water grass 6.asset
  artifactKey: Guid(48c95b8411c10bc41860a45b62952a3b) Importer(815301076,1909f56bfc062723c751e8b465ee728b)
Start importing Assets/Sprites/Tilemap/Palettes/water grass 6.asset using Guid(48c95b8411c10bc41860a45b62952a3b) Importer(815301076,1909f56bfc062723c751e8b465ee728b)  -> (artifact id: '78b08dbd7ac26f1d7d7e9e91db7b35af') in 0.017052 seconds 
========================================================================
Received Import Request.
  Time since last request: 0.297591 seconds.
  path: Assets/Sprites/Tilemap/Palettes/water grass 8.asset
  artifactKey: Guid(ce5a4a1b92528d042b20b1a6068bc397) Importer(815301076,1909f56bfc062723c751e8b465ee728b)
Start importing Assets/Sprites/Tilemap/Palettes/water grass 8.asset using Guid(ce5a4a1b92528d042b20b1a6068bc397) Importer(815301076,1909f56bfc062723c751e8b465ee728b)  -> (artifact id: 'c258d522ee05d8cac6abd86d95b5434c') in 0.019420 seconds 
Editor requested this worker to shutdown with reason: Scaling down because of idle timeout
AssetImportWorker is now disconnected from the server
Process exiting
Exiting without the bug reporter. Application will terminate with return code 0